
Startup: DDS01
Timestamp: 2026-02-02 17:54:49
PID: 12704
Python: C:\Program Files\Python312\pythonservice.exe
Working directory: G:\Projects\Py Projects\dentscan-desktop-service-01\services
Service error: No module named 'CodeIWantToRun'

Startup: DDS01
Timestamp: 2026-02-02 17:54:55
PID: 6832
Python: C:\Program Files\Python312\pythonservice.exe
Working directory: G:\Projects\Py Projects\dentscan-desktop-service-01\services
Service error: No module named 'CodeIWantToRun'

Startup: DDS01
Timestamp: 2026-02-02 17:55:11
PID: 8400
Python: C:\Program Files\Python312\pythonservice.exe
Working directory: G:\Projects\Py Projects\dentscan-desktop-service-01\services
Service error: No module named 'CodeIWantToRun'

Startup: DDS01
Timestamp: 2026-02-02 17:55:49
PID: 3964
Python: C:\Program Files\Python312\pythonservice.exe
Working directory: G:\Projects\Py Projects\dentscan-desktop-service-01\services

Startup: DDS01
Timestamp: 2026-02-02 18:42:45
PID: 10680
Python: C:\Program Files\Python312\pythonservice.exe
Working directory: G:\Projects\Py Projects\dentscan-desktop-service-01\services

Startup: DDS01
Timestamp: 2026-02-02 18:43:32
PID: 18192
Python: C:\Program Files\Python312\pythonservice.exe
Working directory: G:\Projects\Py Projects\dentscan-desktop-service-01\services

Startup: DDS01
Timestamp: 2026-02-02 19:43:38
PID: 11900
Python: C:\Program Files\Python312\pythonservice.exe
Working directory: G:\Projects\Py Projects\dentscan-desktop-service-01\services

Startup: DDS01
Timestamp: 2026-02-02 19:47:50
PID: 17980
Python: C:\Program Files\Python312\pythonservice.exe
Working directory: G:\Projects\Py Projects\dentscan-desktop-service-01\services

Startup: DDS01
Timestamp: 2026-02-02 20:00:27
PID: 11464
Python: C:\Program Files\Python312\pythonservice.exe
Working directory: G:\Projects\Py Projects\dentscan-desktop-service-01\services

Startup: DDS01
Timestamp: 2026-02-02 20:00:37
PID: 11868
Python: C:\Program Files\Python312\pythonservice.exe
Working directory: G:\Projects\Py Projects\dentscan-desktop-service-01\services

Startup: DDS01
Timestamp: 2026-02-02 21:22:35
PID: 852
Python: C:\Program Files\Python312\pythonservice.exe
Working directory: G:\Projects\Py Projects\dentscan-desktop-service-01\services

Startup: DDS01
Timestamp: 2026-02-02 21:26:31
PID: 17600
Python: C:\Program Files\Python312\pythonservice.exe
Working directory: G:\Projects\Py Projects\dentscan-desktop-service-01\services

Startup: DDS01
Timestamp: 2026-02-02 21:51:21
PID: 7464
Python: C:\Program Files\Python312\pythonservice.exe
Working directory: G:\Projects\Py Projects\dentscan-desktop-service-01\services

Startup: DDS01
Timestamp: 2026-02-02 22:00:42
PID: 16064
Python: C:\Program Files\Python312\pythonservice.exe
Working directory: G:\Projects\Py Projects\dentscan-desktop-service-01\services

Startup: DDS01
Timestamp: 2026-02-02 22:04:05
PID: 16268
Python: C:\Program Files\Python312\pythonservice.exe
Working directory: G:\Projects\Py Projects\dentscan-desktop-service-01\services

Startup: DDS01
Timestamp: 2026-02-02 22:06:25
PID: 8184
Python: C:\Program Files\Python312\pythonservice.exe
Working directory: G:\Projects\Py Projects\dentscan-desktop-service-01\services

Startup: DDS01
Timestamp: 2026-02-02 22:07:35
PID: 15076
Python: C:\Program Files\Python312\pythonservice.exe
Working directory: G:\Projects\Py Projects\dentscan-desktop-service-01\services

Startup: DDS01
Timestamp: 2026-02-02 22:14:43
PID: 18912
Python: C:\Program Files\Python312\pythonservice.exe
Working directory: G:\Projects\Py Projects\dentscan-desktop-service-01\services

Startup: DDS01
Timestamp: 2026-02-02 22:18:46
PID: 1236
Python: C:\Program Files\Python312\pythonservice.exe
Working directory: G:\Projects\Py Projects\dentscan-desktop-service-01\services

Startup: DDS01
Timestamp: 2026-02-02 22:26:49
PID: 1620
Python: C:\Program Files\Python312\pythonservice.exe
Working directory: G:\Projects\Py Projects\dentscan-desktop-service-01\services

Startup: DDS01
Timestamp: 2026-02-02 22:27:28
PID: 21944
Python: C:\Program Files\Python312\pythonservice.exe
Working directory: G:\Projects\Py Projects\dentscan-desktop-service-01\services

Startup: DDS01
Timestamp: 2026-02-02 22:28:01
PID: 20592
Python: C:\Program Files\Python312\pythonservice.exe
Working directory: G:\Projects\Py Projects\dentscan-desktop-service-01\services
